RXSDK/RXSDK-Android/push/rxsdk_push_huawei/build/intermediates/manifest_merge_blame_file/debug/manifest-merger-blame-debug-report.txt
1<?xml version="1.0" encoding="utf-8"?>
2<manifest xmlns:android="http://schemas.android.com/apk/res/android"
3    package="com.ruixue.push.huawei" >
4
5    <uses-sdk android:minSdkVersion="21" />
5-->src/main/AndroidManifest.xml
6
7    <application>
7-->src/main/AndroidManifest.xml:5:5-17:19
8        <meta-data
8-->src/main/AndroidManifest.xml:6:9-8:70
9            android:name="RX_PUSH_HUAWEI"
9-->src/main/AndroidManifest.xml:7:13-42
10            android:value="com.ruixue.push.huawei.HmsPushProvider" />
10-->src/main/AndroidManifest.xml:8:13-67
11
12        <service
12-->src/main/AndroidManifest.xml:10:9-16:19
13            android:name="com.ruixue.push.huawei.HmsPushReceiver"
13-->src/main/AndroidManifest.xml:11:13-66
14            android:exported="false" >
14-->src/main/AndroidManifest.xml:12:13-37
15            <intent-filter>
15-->src/main/AndroidManifest.xml:13:13-15:29
16                <action android:name="com.huawei.push.action.MESSAGING_EVENT" />
16-->src/main/AndroidManifest.xml:14:17-81
16-->src/main/AndroidManifest.xml:14:25-78
17            </intent-filter>
18        </service>
19    </application>
20
21</manifest>